<?xml version="1.0" encoding="UTF-8"?>
<coverage generated="1756476176889" clover="3.2.0">
  <project timestamp="1756476176889" name="All files">
    <metrics statements="24" coveredstatements="24" conditionals="10" coveredconditionals="10" methods="9" coveredmethods="9" elements="43" coveredelements="43" complexity="0" loc="24" ncloc="24" packages="1" files="1" classes="1"/>
    <file name="heroes.js" path="D:\js_homeworks\hw_classes_methods\src\js\heroes.js">
      <metrics statements="24" coveredstatements="24" conditionals="10" coveredconditionals="10" methods="9" coveredmethods="9"/>
      <line num="3" count="11" type="stmt"/>
      <line num="12" count="11" type="cond" truecount="4" falsecount="0"/>
      <line num="14" count="1" type="stmt"/>
      <line num="15" count="10" type="cond" truecount="2" falsecount="0"/>
      <line num="17" count="1" type="stmt"/>
      <line num="19" count="9" type="stmt"/>
      <line num="20" count="9" type="stmt"/>
      <line num="21" count="9" type="stmt"/>
      <line num="22" count="9" type="stmt"/>
      <line num="26" count="2" type="cond" truecount="2" falsecount="0"/>
      <line num="27" count="1" type="stmt"/>
      <line num="28" count="1" type="stmt"/>
      <line num="29" count="1" type="stmt"/>
      <line num="30" count="1" type="stmt"/>
      <line num="31" count="1" type="stmt"/>
      <line num="36" count="3" type="cond" truecount="2" falsecount="0"/>
      <line num="37" count="2" type="stmt"/>
      <line num="38" count="1" type="stmt"/>
      <line num="46" count="1" type="stmt"/>
      <line num="52" count="1" type="stmt"/>
      <line num="58" count="1" type="stmt"/>
      <line num="65" count="1" type="stmt"/>
      <line num="71" count="4" type="stmt"/>
      <line num="77" count="1" type="stmt"/>
    </file>
  </project>
</coverage>
