{"D:\\js_homeworks\\hw_classes_methods\\src\\js\\heroes.js": {"path":"D:\\js_homeworks\\hw_classes_methods\\src\\js\\heroes.js","statementMap":{"0":{"start":{"line":3,"column":23},"end":{"line":10,"column":9}},"1":{"start":{"line":12,"column":8},"end":{"line":14,"column":73}},"2":{"start":{"line":12,"column":48},"end":{"line":12,"column":64}},"3":{"start":{"line":14,"column":10},"end":{"line":14,"column":71}},"4":{"start":{"line":15,"column":8},"end":{"line":17,"column":57}},"5":{"start":{"line":15,"column":39},"end":{"line":15,"column":55}},"6":{"start":{"line":17,"column":10},"end":{"line":17,"column":55}},"7":{"start":{"line":19,"column":8},"end":{"line":19,"column":26}},"8":{"start":{"line":20,"column":8},"end":{"line":20,"column":23}},"9":{"start":{"line":21,"column":8},"end":{"line":21,"column":29}},"10":{"start":{"line":22,"column":8},"end":{"line":22,"column":31}},"11":{"start":{"line":26,"column":8},"end":{"line":31,"column":54}},"12":{"start":{"line":27,"column":12},"end":{"line":27,"column":25}},"13":{"start":{"line":28,"column":12},"end":{"line":28,"column":58}},"14":{"start":{"line":29,"column":12},"end":{"line":29,"column":61}},"15":{"start":{"line":30,"column":12},"end":{"line":30,"column":30}},"16":{"start":{"line":31,"column":17},"end":{"line":31,"column":52}},"17":{"start":{"line":36,"column":8},"end":{"line":38,"column":72}},"18":{"start":{"line":37,"column":12},"end":{"line":37,"column":63}},"19":{"start":{"line":38,"column":17},"end":{"line":38,"column":70}},"20":{"start":{"line":46,"column":8},"end":{"line":46,"column":38}},"21":{"start":{"line":52,"column":8},"end":{"line":52,"column":41}},"22":{"start":{"line":58,"column":8},"end":{"line":58,"column":40}},"23":{"start":{"line":65,"column":8},"end":{"line":65,"column":38}},"24":{"start":{"line":71,"column":8},"end":{"line":71,"column":38}},"25":{"start":{"line":77,"column":8},"end":{"line":77,"column":38}}},"fnMap":{"0":{"name":"(anonymous_0)","decl":{"start":{"line":2,"column":4},"end":{"line":2,"column":5}},"loc":{"start":{"line":2,"column":45},"end":{"line":23,"column":5}},"line":2},"1":{"name":"(anonymous_1)","decl":{"start":{"line":25,"column":0},"end":{"line":25,"column":1}},"loc":{"start":{"line":25,"column":10},"end":{"line":33,"column":5}},"line":25},"2":{"name":"(anonymous_2)","decl":{"start":{"line":35,"column":0},"end":{"line":35,"column":1}},"loc":{"start":{"line":35,"column":15},"end":{"line":40,"column":5}},"line":35},"3":{"name":"(anonymous_3)","decl":{"start":{"line":45,"column":4},"end":{"line":45,"column":5}},"loc":{"start":{"line":45,"column":22},"end":{"line":47,"column":5}},"line":45},"4":{"name":"(anonymous_4)","decl":{"start":{"line":51,"column":4},"end":{"line":51,"column":5}},"loc":{"start":{"line":51,"column":22},"end":{"line":53,"column":5}},"line":51},"5":{"name":"(anonymous_5)","decl":{"start":{"line":57,"column":4},"end":{"line":57,"column":5}},"loc":{"start":{"line":57,"column":22},"end":{"line":59,"column":5}},"line":57},"6":{"name":"(anonymous_6)","decl":{"start":{"line":64,"column":4},"end":{"line":64,"column":5}},"loc":{"start":{"line":64,"column":22},"end":{"line":66,"column":5}},"line":64},"7":{"name":"(anonymous_7)","decl":{"start":{"line":70,"column":4},"end":{"line":70,"column":5}},"loc":{"start":{"line":70,"column":22},"end":{"line":72,"column":5}},"line":70},"8":{"name":"(anonymous_8)","decl":{"start":{"line":76,"column":4},"end":{"line":76,"column":5}},"loc":{"start":{"line":76,"column":22},"end":{"line":78,"column":5}},"line":76}},"branchMap":{"0":{"loc":{"start":{"line":12,"column":8},"end":{"line":14,"column":73}},"type":"if","locations":[{"start":{"line":12,"column":8},"end":{"line":14,"column":73}},{"start":{"line":14,"column":8},"end":{"line":14,"column":73}}],"line":12},"1":{"loc":{"start":{"line":12,"column":13},"end":{"line":12,"column":43}},"type":"binary-expr","locations":[{"start":{"line":12,"column":13},"end":{"line":12,"column":17}},{"start":{"line":12,"column":21},"end":{"line":12,"column":43}}],"line":12},"2":{"loc":{"start":{"line":15,"column":8},"end":{"line":17,"column":57}},"type":"if","locations":[{"start":{"line":15,"column":8},"end":{"line":17,"column":57}},{"start":{"line":17,"column":8},"end":{"line":17,"column":57}}],"line":15},"3":{"loc":{"start":{"line":26,"column":8},"end":{"line":31,"column":54}},"type":"if","locations":[{"start":{"line":26,"column":8},"end":{"line":31,"column":54}},{"start":{"line":31,"column":15},"end":{"line":31,"column":54}}],"line":26},"4":{"loc":{"start":{"line":36,"column":8},"end":{"line":38,"column":72}},"type":"if","locations":[{"start":{"line":36,"column":8},"end":{"line":38,"column":72}},{"start":{"line":38,"column":15},"end":{"line":38,"column":72}}],"line":36}},"s":{"0":11,"1":11,"2":10,"3":1,"4":10,"5":9,"6":1,"7":9,"8":9,"9":9,"10":9,"11":2,"12":1,"13":1,"14":1,"15":1,"16":1,"17":3,"18":2,"19":1,"20":1,"21":1,"22":1,"23":1,"24":4,"25":1},"f":{"0":11,"1":2,"2":3,"3":1,"4":1,"5":1,"6":1,"7":4,"8":1},"b":{"0":[10,1],"1":[11,10],"2":[9,1],"3":[1,1],"4":[2,1]},"_coverageSchema":"1a1c01bbd47fc00a2c39e90264f33305004495a9","hash":"06d5efc2de5ee8cd9a2fe5ba4fa2048dbdfd318b"}
}
