TN:
SF:src\js\heroes.js
FN:2,(anonymous_0)
FN:25,(anonymous_1)
FN:35,(anonymous_2)
FN:45,(anonymous_3)
FN:51,(anonymous_4)
FN:57,(anonymous_5)
FN:64,(anonymous_6)
FN:70,(anonymous_7)
FN:76,(anonymous_8)
FNF:9
FNH:9
FNDA:11,(anonymous_0)
FNDA:2,(anonymous_1)
FNDA:3,(anonymous_2)
FNDA:1,(anonymous_3)
FNDA:1,(anonymous_4)
FNDA:1,(anonymous_5)
FNDA:1,(anonymous_6)
FNDA:4,(anonymous_7)
FNDA:1,(anonymous_8)
DA:3,11
DA:12,11
DA:14,1
DA:15,10
DA:17,1
DA:19,9
DA:20,9
DA:21,9
DA:22,9
DA:26,2
DA:27,1
DA:28,1
DA:29,1
DA:30,1
DA:31,1
DA:36,3
DA:37,2
DA:38,1
DA:46,1
DA:52,1
DA:58,1
DA:65,1
DA:71,4
DA:77,1
LF:24
LH:24
BRDA:12,0,0,10
BRDA:12,0,1,1
BRDA:12,1,0,11
BRDA:12,1,1,10
BRDA:15,2,0,9
BRDA:15,2,1,1
BRDA:26,3,0,1
BRDA:26,3,1,1
BRDA:36,4,0,2
BRDA:36,4,1,1
BRF:10
BRH:10
end_of_record
